<?xml version="1.0" encoding="UTF-8"?>
<testsuite name="UserTest" tests="1" skipped="0" failures="0" errors="0" timestamp="2020-05-11T19:00:14" hostname="umuzi-admin" time="0.04">
  <properties/>
  <testcase name="addUserTest()" classname="UserTest" time="0.04"/>
  <system-out><![CDATA[]]></system-out>
  <system-err><![CDATA[]]></system-err>
</testsuite>
